<?xml version="1.0" encoding="UTF-8"?>
<testng-results ignored="0" total="1" passed="1" failed="0" skipped="0">
  <reporter-output>
  </reporter-output>
  <suite started-at="2023-02-20T11:02:36Z" name="Default suite" finished-at="2023-02-20T11:02:42Z" duration-ms="5777">
    <groups>
    </groups>
    <test started-at="2023-02-20T11:02:36Z" name="Default test" finished-at="2023-02-20T11:02:42Z" duration-ms="5777">
      <class name="org.dev.SampleTestngApi">
        <test-method signature="getRequest()[pri:0, instance:org.dev.SampleTestngApi@173ed316]" started-at="2023-02-20T11:02:36Z" name="getRequest" finished-at="2023-02-20T11:02:42Z" duration-ms="5637" status="PASS">
          <reporter-output>
          </reporter-output>
        </test-method> <!-- getRequest -->
      </class> <!-- org.dev.SampleTestngApi -->
    </test> <!-- Default test -->
  </suite> <!-- Default suite -->
</testng-results>
