<?xml version="1.0" encoding="UTF-8"?>
<testng-results ignored="0" total="3" passed="3" failed="0" skipped="0">
  <reporter-output>
  </reporter-output>
  <suite started-at="2023-01-05T11:55:40 IST" name="Suite" finished-at="2023-01-05T11:59:26 IST" duration-ms="225633">
    <groups>
    </groups>
    <test started-at="2023-01-05T11:55:40 IST" name="FirefoxTest" finished-at="2023-01-05T11:58:27 IST" duration-ms="167145">
      <class name="com.test.CrossAmazonEx">
        <test-method signature="tc1(java.lang.String)[pri:0, instance:com.test.CrossAmazonEx@7a69b07]" started-at="2023-01-05T11:55:40 IST" name="tc1" finished-at="2023-01-05T11:58:27 IST" duration-ms="167031" status="PASS">
          <params>
            <param index="0">
              <value>
                <![CDATA[firefoxbrowser]]>
              </value>
            </param>
          </params>
          <reporter-output>
          </reporter-output>
        </test-method> <!-- tc1 -->
      </class> <!-- com.test.CrossAmazonEx -->
    </test> <!-- FirefoxTest -->
    <test started-at="2023-01-05T11:58:27 IST" name="ChromeTest" finished-at="2023-01-05T11:58:31 IST" duration-ms="3779">
      <class name="com.test.CrossAmazonEx">
        <test-method signature="tc1(java.lang.String)[pri:0, instance:com.test.CrossAmazonEx@323b36e0]" started-at="2023-01-05T11:58:27 IST" name="tc1" finished-at="2023-01-05T11:58:31 IST" duration-ms="3768" status="PASS">
          <params>
            <param index="0">
              <value>
                <![CDATA[chromebrowser]]>
              </value>
            </param>
          </params>
          <reporter-output>
          </reporter-output>
        </test-method> <!-- tc1 -->
      </class> <!-- com.test.CrossAmazonEx -->
    </test> <!-- ChromeTest -->
    <test started-at="2023-01-05T11:58:31 IST" name="EdgeTest" finished-at="2023-01-05T11:59:26 IST" duration-ms="54603">
      <class name="com.test.CrossAmazonEx">
        <test-method signature="tc1(java.lang.String)[pri:0, instance:com.test.CrossAmazonEx@5ffead27]" started-at="2023-01-05T11:58:31 IST" name="tc1" finished-at="2023-01-05T11:59:26 IST" duration-ms="54594" status="PASS">
          <params>
            <param index="0">
              <value>
                <![CDATA[edgebrowser]]>
              </value>
            </param>
          </params>
          <reporter-output>
          </reporter-output>
        </test-method> <!-- tc1 -->
      </class> <!-- com.test.CrossAmazonEx -->
    </test> <!-- EdgeTest -->
  </suite> <!-- Suite -->
</testng-results>
