<?xml version="1.0" encoding="UTF-8"?>
<!-- Generated by org.testng.reporters.JUnitXMLReporter -->
<testsuite ignored="0" hostname="kesar" failures="0" tests="6" name="Default test" time="62.983" errors="0" timestamp="2023-01-04T11:09:33 IST">
  <testcase classname="com.test.DataProviderEx" name="tc1" time="8.266"/>
  <testcase classname="com.test.DataProviderEx" name="tc1" time="7.327"/>
  <testcase classname="com.test.DataProviderEx" name="tc1" time="11.042"/>
  <testcase classname="com.test.DataProviderEx" name="tc1" time="11.272"/>
  <testcase classname="com.test.DataProviderEx" name="tc1" time="10.057"/>
  <testcase classname="com.test.DataProviderEx" name="tc1" time="11.658"/>
</testsuite> <!-- Default test -->
