<?xml version="1.0" encoding="UTF-8"?>
<!-- Generated by org.testng.reporters.JUnitXMLReporter -->
<testsuite ignored="0" hostname="kesar" failures="0" tests="3" name="Default test" time="0.771" errors="0" timestamp="2023-02-15T14:06:01 IST">
  <testcase classname="org.inmakes.test.CalculatorReport" name="tc2" time="0.019"/>
  <testcase classname="org.inmakes.test.CalculatorReport" name="tc3" time="0.005"/>
  <testcase classname="org.inmakes.test.CalculatorReport" name="tc4" time="0.596"/>
</testsuite> <!-- Default test -->
